<?xml version="1.0" encoding="UTF-8"?>
<!-- Generated by org.testng.reporters.JUnitXMLReporter -->
<testsuite ignored="0" hostname="swapnitapc" failures="1" tests="10" name="EdgeTest" time="40.517" errors="0" timestamp="2023-03-30T11:58:45 IST">
  <testcase classname="Testng.Verifyforgotpasspage" name="@BeforeMethod goToForgotPasswordPage" time="0.023">
    <failure type="org.openqa.selenium.NoSuchElementException" message="no such element: Unable to locate element: {&amp;quot;method&amp;quot;:&amp;quot;xpath&amp;quot;,&amp;quot;selector&amp;quot;:&amp;quot;//a[text()=&amp;apos;Forgotten password?&amp;apos;]&amp;quot;}
  (Session info: MicrosoftEdge=111.0.1661.54)
For documentation on this error, please visit: https://www.seleniumhq.org/exceptions/no_such_element.html
Build info: version: &amp;apos;3.141.59&amp;apos;, revision: &amp;apos;e82be7d358&amp;apos;, time: &amp;apos;2018-11-14T08:17:03&amp;apos;
System info: host: &amp;apos;SWAPNITAPC&amp;apos;, ip: &amp;apos;192.168.19.167&amp;apos;, os.name: &amp;apos;Windows 11&amp;apos;, os.arch: &amp;apos;amd64&amp;apos;, os.version: &amp;apos;10.0&amp;apos;, java.version: &amp;apos;17.0.5&amp;apos;
Driver info: org.openqa.selenium.edge.EdgeDriver
Capabilities {acceptInsecureCerts: false, browserName: msedge, browserVersion: 111.0.1661.54, javascriptEnabled: true, ms:edgeOptions: {debuggerAddress: localhost:50905}, msedge: {msedgedriverVersion: 111.0.1661.54 (9e410ec23a36..., userDataDir: C:\Users\admin\AppData\Loca...}, networkConnectionEnabled: false, pageLoadStrategy: normal, platform: WINDOWS, platformName: WINDOWS, proxy: Proxy(), setWindowRect: true, strictFileInteractability: false, timeouts: {implicit: 0, pageLoad: 300000, script: 30000}, unhandledPromptBehavior: dismiss and notify, webauthn:extension:credBlob: true, webauthn:extension:largeBlob: true, webauthn:extension:minPinLength: true, webauthn:extension:prf: true, webauthn:virtualAuthenticators: true}
Session ID: a8eb6e8aeb97f8bc237d4e15ee9e4191
*** Element info: {Using=xpath, value=//a[text()=&amp;apos;Forgotten password?&amp;apos;]}">
      <![CDATA[org.openqa.selenium.NoSuchElementException: no such element: Unable to locate element: {"method":"xpath","selector":"//a[text()='Forgotten password?']"}
  (Session info: MicrosoftEdge=111.0.1661.54)
For documentation on this error, please visit: https://www.seleniumhq.org/exceptions/no_such_element.html
Build info: version: '3.141.59', revision: 'e82be7d358', time: '2018-11-14T08:17:03'
System info: host: 'SWAPNITAPC', ip: '192.168.19.167', os.name: 'Windows 11', os.arch: 'amd64', os.version: '10.0', java.version: '17.0.5'
Driver info: org.openqa.selenium.edge.EdgeDriver
Capabilities {acceptInsecureCerts: false, browserName: msedge, browserVersion: 111.0.1661.54, javascriptEnabled: true, ms:edgeOptions: {debuggerAddress: localhost:50905}, msedge: {msedgedriverVersion: 111.0.1661.54 (9e410ec23a36..., userDataDir: C:\Users\admin\AppData\Loca...}, networkConnectionEnabled: false, pageLoadStrategy: normal, platform: WINDOWS, platformName: WINDOWS, proxy: Proxy(), setWindowRect: true, strictFileInteractability: false, timeouts: {implicit: 0, pageLoad: 300000, script: 30000}, unhandledPromptBehavior: dismiss and notify, webauthn:extension:credBlob: true, webauthn:extension:largeBlob: true, webauthn:extension:minPinLength: true, webauthn:extension:prf: true, webauthn:virtualAuthenticators: true}
Session ID: a8eb6e8aeb97f8bc237d4e15ee9e4191
*** Element info: {Using=xpath, value=//a[text()='Forgotten password?']}
at org.openqa.selenium.remote.http.W3CHttpResponseCodec.createException(W3CHttpResponseCodec.java:187)
at org.openqa.selenium.remote.http.W3CHttpResponseCodec.decode(W3CHttpResponseCodec.java:122)
at org.openqa.selenium.remote.http.W3CHttpResponseCodec.decode(W3CHttpResponseCodec.java:49)
at org.openqa.selenium.remote.HttpCommandExecutor.execute(HttpCommandExecutor.java:158)
at org.openqa.selenium.remote.service.DriverCommandExecutor.execute(DriverCommandExecutor.java:83)
at org.openqa.selenium.remote.RemoteWebDriver.execute(RemoteWebDriver.java:552)
at org.openqa.selenium.remote.RemoteWebDriver.findElement(RemoteWebDriver.java:323)
at org.openqa.selenium.remote.RemoteWebDriver.findElementByXPath(RemoteWebDriver.java:428)
at org.openqa.selenium.By$ByXPath.findElement(By.java:353)
at org.openqa.selenium.remote.RemoteWebDriver.findElement(RemoteWebDriver.java:315)
at org.openqa.selenium.support.pagefactory.DefaultElementLocator.findElement(DefaultElementLocator.java:69)
at org.openqa.selenium.support.pagefactory.internal.LocatingElementHandler.invoke(LocatingElementHandler.java:38)
at jdk.proxy2/jdk.proxy2.$Proxy19.click(Unknown Source)
at Page.Loginpage.clickonforgetpass(Loginpage.java:82)
at Testng.Verifyforgotpasspage.goToForgotPasswordPage(Verifyforgotpasspage.java:87)
at java.base/java.util.ArrayList.forEach(ArrayList.java:1511)
... Removed 36 stack frames]]>
    </failure>
  </testcase> <!-- @BeforeMethod goToForgotPasswordPage -->
  <testcase classname="Testng.Verifyforgotpasspage" name="@AfterMethod aftermethod" time="-1.680157699421E9">
    <skipped/>
  </testcase> <!-- @AfterMethod aftermethod -->
  <testcase classname="Testng.Verifyforgotpasspage" name="@BeforeMethod goToForgotPasswordPage" time="-1.680157699423E9">
    <skipped/>
  </testcase> <!-- @BeforeMethod goToForgotPasswordPage -->
  <testcase classname="Testng.Verifyforgotpasspage" name="@AfterMethod aftermethod" time="-1.680157699426E9">
    <skipped/>
  </testcase> <!-- @AfterMethod aftermethod -->
  <testcase classname="Testng.Verifyforgotpasspage" name="@BeforeMethod goToForgotPasswordPage" time="-1.680157699428E9">
    <skipped/>
  </testcase> <!-- @BeforeMethod goToForgotPasswordPage -->
  <testcase classname="Testng.Verifyforgotpasspage" name="@AfterMethod aftermethod" time="-1.680157699431E9">
    <skipped/>
  </testcase> <!-- @AfterMethod aftermethod -->
  <testcase classname="Testng.Verifyforgotpasspage" name="@BeforeMethod goToForgotPasswordPage" time="-1.680157699432E9">
    <skipped/>
  </testcase> <!-- @BeforeMethod goToForgotPasswordPage -->
  <testcase classname="Testng.Verifyforgotpasspage" name="@AfterMethod aftermethod" time="-1.680157699436E9">
    <skipped/>
  </testcase> <!-- @AfterMethod aftermethod -->
  <testcase classname="Testng.Verifyforgotpasspage" name="@BeforeMethod goToForgotPasswordPage" time="-1.680157699437E9">
    <skipped/>
  </testcase> <!-- @BeforeMethod goToForgotPasswordPage -->
  <testcase classname="Testng.Verifyforgotpasspage" name="@AfterMethod aftermethod" time="-1.68015769944E9">
    <skipped/>
  </testcase> <!-- @AfterMethod aftermethod -->
  <testcase classname="Testng.Verifyforgotpasspage" name="@AfterClass afterclass" time="-1.680157699441E9">
    <skipped/>
  </testcase> <!-- @AfterClass afterclass -->
  <testcase classname="Testng.Verifyforgotpasspage" name="@AfterTest closeBrowser" time="-1.680157724984E9">
    <skipped/>
  </testcase> <!-- @AfterTest closeBrowser -->
  <testcase classname="Testng.Verifyloginpagefb" name="@AfterTest closeBrowser" time="-1.680157724986E9">
    <skipped/>
  </testcase> <!-- @AfterTest closeBrowser -->
  <testcase classname="Testng.Verifyforgotpasspage" name="verifycancelbuttonfunction" time="1.438"/>
  <testcase classname="Testng.Verifyforgotpasspage" name="verifycancelbuttonfunction" time="0.0">
    <skipped/>
  </testcase> <!-- verifycancelbuttonfunction -->
  <testcase classname="Testng.Verifyforgotpasspage" name="verifyForgotPasswordPagetext" time="0.0">
    <skipped/>
  </testcase> <!-- verifyForgotPasswordPagetext -->
  <testcase classname="Testng.Verifyforgotpasspage" name="verifysearchbuttonfunction" time="0.0">
    <skipped/>
  </testcase> <!-- verifysearchbuttonfunction -->
  <testcase classname="Testng.Verifyforgotpasspage" name="verifysearchbuttonfunction" time="0.0">
    <skipped/>
  </testcase> <!-- verifysearchbuttonfunction -->
  <testcase classname="Testng.Verifyforgotpasspage" name="verifyCreateAccpage" time="0.0">
    <skipped/>
  </testcase> <!-- verifyCreateAccpage -->
  <testcase classname="Testng.Verifyloginpagefb" name="verifyLoginPageFunction" time="15.156"/>
  <testcase classname="Testng.Verifyloginpagefb" name="verifyLoginPage" time="0.001"/>
  <testcase classname="Testng.Verifysignuppop" name="test1" time="0.034"/>
  <testcase classname="Testng.Verifysignuppop" name="test2" time="0.035">
    <failure type="org.openqa.selenium.NoSuchElementException" message="no such element: Unable to locate element: {&amp;quot;method&amp;quot;:&amp;quot;xpath&amp;quot;,&amp;quot;selector&amp;quot;:&amp;quot;(//input[@type=&amp;apos;text&amp;apos;])[2]&amp;quot;}
  (Session info: chrome=111.0.5563.112)
For documentation on this error, please visit: https://www.seleniumhq.org/exceptions/no_such_element.html
Build info: version: &amp;apos;3.141.59&amp;apos;, revision: &amp;apos;e82be7d358&amp;apos;, time: &amp;apos;2018-11-14T08:17:03&amp;apos;
System info: host: &amp;apos;SWAPNITAPC&amp;apos;, ip: &amp;apos;192.168.19.167&amp;apos;, os.name: &amp;apos;Windows 11&amp;apos;, os.arch: &amp;apos;amd64&amp;apos;, os.version: &amp;apos;10.0&amp;apos;, java.version: &amp;apos;17.0.5&amp;apos;
Driver info: org.openqa.selenium.chrome.ChromeDriver
Capabilities {acceptInsecureCerts: false, browserName: chrome, browserVersion: 111.0.5563.112, chrome: {chromedriverVersion: 111.0.5563.64 (c710e93d5b63..., userDataDir: C:\Users\admin\AppData\Loca...}, goog:chromeOptions: {debuggerAddress: localhost:51020}, javascriptEnabled: true, networkConnectionEnabled: false, pageLoadStrategy: normal, platform: WINDOWS, platformName: WINDOWS, proxy: Proxy(), setWindowRect: true, strictFileInteractability: false, timeouts: {implicit: 0, pageLoad: 300000, script: 30000}, unhandledPromptBehavior: dismiss and notify, webauthn:extension:credBlob: true, webauthn:extension:largeBlob: true, webauthn:extension:minPinLength: true, webauthn:extension:prf: true, webauthn:virtualAuthenticators: true}
Session ID: ede39c1d04b089f9ab5ebd6557d3abd7
*** Element info: {Using=xpath, value=(//input[@type=&amp;apos;text&amp;apos;])[2]}">
      <![CDATA[org.openqa.selenium.NoSuchElementException: no such element: Unable to locate element: {"method":"xpath","selector":"(//input[@type='text'])[2]"}
  (Session info: chrome=111.0.5563.112)
For documentation on this error, please visit: https://www.seleniumhq.org/exceptions/no_such_element.html
Build info: version: '3.141.59', revision: 'e82be7d358', time: '2018-11-14T08:17:03'
System info: host: 'SWAPNITAPC', ip: '192.168.19.167', os.name: 'Windows 11', os.arch: 'amd64', os.version: '10.0', java.version: '17.0.5'
Driver info: org.openqa.selenium.chrome.ChromeDriver
Capabilities {acceptInsecureCerts: false, browserName: chrome, browserVersion: 111.0.5563.112, chrome: {chromedriverVersion: 111.0.5563.64 (c710e93d5b63..., userDataDir: C:\Users\admin\AppData\Loca...}, goog:chromeOptions: {debuggerAddress: localhost:51020}, javascriptEnabled: true, networkConnectionEnabled: false, pageLoadStrategy: normal, platform: WINDOWS, platformName: WINDOWS, proxy: Proxy(), setWindowRect: true, strictFileInteractability: false, timeouts: {implicit: 0, pageLoad: 300000, script: 30000}, unhandledPromptBehavior: dismiss and notify, webauthn:extension:credBlob: true, webauthn:extension:largeBlob: true, webauthn:extension:minPinLength: true, webauthn:extension:prf: true, webauthn:virtualAuthenticators: true}
Session ID: ede39c1d04b089f9ab5ebd6557d3abd7
*** Element info: {Using=xpath, value=(//input[@type='text'])[2]}
at org.openqa.selenium.remote.http.W3CHttpResponseCodec.createException(W3CHttpResponseCodec.java:187)
at org.openqa.selenium.remote.http.W3CHttpResponseCodec.decode(W3CHttpResponseCodec.java:122)
at org.openqa.selenium.remote.http.W3CHttpResponseCodec.decode(W3CHttpResponseCodec.java:49)
at org.openqa.selenium.remote.HttpCommandExecutor.execute(HttpCommandExecutor.java:158)
at org.openqa.selenium.remote.service.DriverCommandExecutor.execute(DriverCommandExecutor.java:83)
at org.openqa.selenium.remote.RemoteWebDriver.execute(RemoteWebDriver.java:552)
at org.openqa.selenium.remote.RemoteWebDriver.findElement(RemoteWebDriver.java:323)
at org.openqa.selenium.remote.RemoteWebDriver.findElementByXPath(RemoteWebDriver.java:428)
at org.openqa.selenium.By$ByXPath.findElement(By.java:353)
at org.openqa.selenium.remote.RemoteWebDriver.findElement(RemoteWebDriver.java:315)
at org.openqa.selenium.support.pagefactory.DefaultElementLocator.findElement(DefaultElementLocator.java:69)
at org.openqa.selenium.support.pagefactory.internal.LocatingElementHandler.invoke(LocatingElementHandler.java:38)
at jdk.proxy2/jdk.proxy2.$Proxy19.sendKeys(Unknown Source)
at Popup.Signuppop.sendfirstname(Signuppop.java:62)
at Testng.Verifysignuppop.test2(Verifysignuppop.java:77)
at java.base/java.util.ArrayList.forEach(ArrayList.java:1511)
... Removed 32 stack frames]]>
    </failure>
  </testcase> <!-- test2 -->
</testsuite> <!-- EdgeTest -->
