<?xml version="1.0" encoding="UTF-8"?>
<!-- Generated by org.testng.reporters.JUnitXMLReporter -->
<testsuite ignored="0" hostname="swapnitapc" failures="1" tests="10" name="FirefoxTest" time="5.368" errors="0" timestamp="2023-03-30T11:58:04 IST">
  <testcase classname="Testng.Verifyforgotpasspage" name="@BeforeClass openBrowser" time="0.0">
    <failure type="java.lang.NullPointerException" message="Cannot invoke &amp;quot;org.openqa.selenium.WebDriver.get(String)&amp;quot; because &amp;quot;this.driver&amp;quot; is null">
      <![CDATA[java.lang.NullPointerException: Cannot invoke "org.openqa.selenium.WebDriver.get(String)" because "this.driver" is null
at Testng.Verifyforgotpasspage.openBrowser(Verifyforgotpasspage.java:78)
at java.base/java.util.ArrayList.forEach(ArrayList.java:1511)
... Removed 25 stack frames]]>
    </failure>
  </testcase> <!-- @BeforeClass openBrowser -->
  <testcase classname="Testng.Verifyforgotpasspage" name="@BeforeMethod goToForgotPasswordPage" time="-1.680157679087E9">
    <skipped/>
  </testcase> <!-- @BeforeMethod goToForgotPasswordPage -->
  <testcase classname="Testng.Verifyforgotpasspage" name="@AfterMethod aftermethod" time="-1.6801576791E9">
    <skipped/>
  </testcase> <!-- @AfterMethod aftermethod -->
  <testcase classname="Testng.Verifyforgotpasspage" name="@BeforeMethod goToForgotPasswordPage" time="-1.680157679106E9">
    <skipped/>
  </testcase> <!-- @BeforeMethod goToForgotPasswordPage -->
  <testcase classname="Testng.Verifyforgotpasspage" name="@AfterMethod aftermethod" time="-1.680157679118E9">
    <skipped/>
  </testcase> <!-- @AfterMethod aftermethod -->
  <testcase classname="Testng.Verifyforgotpasspage" name="@BeforeMethod goToForgotPasswordPage" time="-1.680157679126E9">
    <skipped/>
  </testcase> <!-- @BeforeMethod goToForgotPasswordPage -->
  <testcase classname="Testng.Verifyforgotpasspage" name="@AfterMethod aftermethod" time="-1.680157679134E9">
    <skipped/>
  </testcase> <!-- @AfterMethod aftermethod -->
  <testcase classname="Testng.Verifyforgotpasspage" name="@BeforeMethod goToForgotPasswordPage" time="-1.680157679141E9">
    <skipped/>
  </testcase> <!-- @BeforeMethod goToForgotPasswordPage -->
  <testcase classname="Testng.Verifyforgotpasspage" name="@AfterMethod aftermethod" time="-1.680157679146E9">
    <skipped/>
  </testcase> <!-- @AfterMethod aftermethod -->
  <testcase classname="Testng.Verifyforgotpasspage" name="@BeforeMethod goToForgotPasswordPage" time="-1.680157679149E9">
    <skipped/>
  </testcase> <!-- @BeforeMethod goToForgotPasswordPage -->
  <testcase classname="Testng.Verifyforgotpasspage" name="@AfterMethod aftermethod" time="-1.680157679154E9">
    <skipped/>
  </testcase> <!-- @AfterMethod aftermethod -->
  <testcase classname="Testng.Verifyforgotpasspage" name="@BeforeMethod goToForgotPasswordPage" time="-1.68015767916E9">
    <skipped/>
  </testcase> <!-- @BeforeMethod goToForgotPasswordPage -->
  <testcase classname="Testng.Verifyforgotpasspage" name="@AfterMethod aftermethod" time="-1.680157679164E9">
    <skipped/>
  </testcase> <!-- @AfterMethod aftermethod -->
  <testcase classname="Testng.Verifyforgotpasspage" name="@AfterClass afterclass" time="-1.680157679169E9">
    <skipped/>
  </testcase> <!-- @AfterClass afterclass -->
  <testcase classname="Testng.Verifyloginpagefb" name="@BeforeClass openwebpage" time="0.0">
    <failure type="java.lang.NullPointerException" message="Cannot invoke &amp;quot;org.openqa.selenium.WebDriver.get(String)&amp;quot; because &amp;quot;this.driver&amp;quot; is null">
      <![CDATA[java.lang.NullPointerException: Cannot invoke "org.openqa.selenium.WebDriver.get(String)" because "this.driver" is null
at Testng.Verifyloginpagefb.openwebpage(Verifyloginpagefb.java:76)
at java.base/java.util.ArrayList.forEach(ArrayList.java:1511)
... Removed 25 stack frames]]>
    </failure>
  </testcase> <!-- @BeforeClass openwebpage -->
  <testcase classname="Testng.Verifyloginpagefb" name="@BeforeMethod goToCreateAccPage" time="-1.680157679175E9">
    <skipped/>
  </testcase> <!-- @BeforeMethod goToCreateAccPage -->
  <testcase classname="Testng.Verifyloginpagefb" name="@AfterMethod aftermethod" time="-1.680157679179E9">
    <skipped/>
  </testcase> <!-- @AfterMethod aftermethod -->
  <testcase classname="Testng.Verifyloginpagefb" name="@BeforeMethod goToCreateAccPage" time="-1.680157679185E9">
    <skipped/>
  </testcase> <!-- @BeforeMethod goToCreateAccPage -->
  <testcase classname="Testng.Verifyloginpagefb" name="@AfterMethod aftermethod" time="-1.680157679189E9">
    <skipped/>
  </testcase> <!-- @AfterMethod aftermethod -->
  <testcase classname="Testng.Verifyloginpagefb" name="@AfterClass afterclass" time="-1.68015767919E9">
    <skipped/>
  </testcase> <!-- @AfterClass afterclass -->
  <testcase classname="Testng.Verifyforgotpasspage" name="@AfterTest closeBrowser" time="-1.680157684438E9">
    <skipped/>
  </testcase> <!-- @AfterTest closeBrowser -->
  <testcase classname="Testng.Verifyloginpagefb" name="@AfterTest closeBrowser" time="-1.680157684439E9">
    <skipped/>
  </testcase> <!-- @AfterTest closeBrowser -->
  <testcase classname="Testng.Verifyforgotpasspage" name="verifycancelbuttonfunction" time="0.0">
    <skipped/>
  </testcase> <!-- verifycancelbuttonfunction -->
  <testcase classname="Testng.Verifyforgotpasspage" name="verifycancelbuttonfunction" time="0.0">
    <skipped/>
  </testcase> <!-- verifycancelbuttonfunction -->
  <testcase classname="Testng.Verifyforgotpasspage" name="verifyForgotPasswordPagetext" time="0.0">
    <skipped/>
  </testcase> <!-- verifyForgotPasswordPagetext -->
  <testcase classname="Testng.Verifyforgotpasspage" name="verifysearchbuttonfunction" time="0.0">
    <skipped/>
  </testcase> <!-- verifysearchbuttonfunction -->
  <testcase classname="Testng.Verifyforgotpasspage" name="verifysearchbuttonfunction" time="0.0">
    <skipped/>
  </testcase> <!-- verifysearchbuttonfunction -->
  <testcase classname="Testng.Verifyforgotpasspage" name="verifyCreateAccpage" time="0.0">
    <skipped/>
  </testcase> <!-- verifyCreateAccpage -->
  <testcase classname="Testng.Verifyloginpagefb" name="verifyLoginPageFunction" time="0.0">
    <skipped/>
  </testcase> <!-- verifyLoginPageFunction -->
  <testcase classname="Testng.Verifyloginpagefb" name="verifyLoginPage" time="0.0">
    <skipped/>
  </testcase> <!-- verifyLoginPage -->
  <testcase classname="Testng.Verifysignuppop" name="test1" time="0.021"/>
  <testcase classname="Testng.Verifysignuppop" name="test2" time="0.023">
    <failure type="org.openqa.selenium.NoSuchElementException" message="no such element: Unable to locate element: {&amp;quot;method&amp;quot;:&amp;quot;xpath&amp;quot;,&amp;quot;selector&amp;quot;:&amp;quot;(//input[@type=&amp;apos;text&amp;apos;])[2]&amp;quot;}
  (Session info: chrome=111.0.5563.112)
For documentation on this error, please visit: https://www.seleniumhq.org/exceptions/no_such_element.html
Build info: version: &amp;apos;3.141.59&amp;apos;, revision: &amp;apos;e82be7d358&amp;apos;, time: &amp;apos;2018-11-14T08:17:03&amp;apos;
System info: host: &amp;apos;SWAPNITAPC&amp;apos;, ip: &amp;apos;192.168.19.167&amp;apos;, os.name: &amp;apos;Windows 11&amp;apos;, os.arch: &amp;apos;amd64&amp;apos;, os.version: &amp;apos;10.0&amp;apos;, java.version: &amp;apos;17.0.5&amp;apos;
Driver info: org.openqa.selenium.chrome.ChromeDriver
Capabilities {acceptInsecureCerts: false, browserName: chrome, browserVersion: 111.0.5563.112, chrome: {chromedriverVersion: 111.0.5563.64 (c710e93d5b63..., userDataDir: C:\Users\admin\AppData\Loca...}, goog:chromeOptions: {debuggerAddress: localhost:50783}, javascriptEnabled: true, networkConnectionEnabled: false, pageLoadStrategy: normal, platform: WINDOWS, platformName: WINDOWS, proxy: Proxy(), setWindowRect: true, strictFileInteractability: false, timeouts: {implicit: 0, pageLoad: 300000, script: 30000}, unhandledPromptBehavior: dismiss and notify, webauthn:extension:credBlob: true, webauthn:extension:largeBlob: true, webauthn:extension:minPinLength: true, webauthn:extension:prf: true, webauthn:virtualAuthenticators: true}
Session ID: 88fc2bc9bf8ab79c876b219c05021273
*** Element info: {Using=xpath, value=(//input[@type=&amp;apos;text&amp;apos;])[2]}">
      <![CDATA[org.openqa.selenium.NoSuchElementException: no such element: Unable to locate element: {"method":"xpath","selector":"(//input[@type='text'])[2]"}
  (Session info: chrome=111.0.5563.112)
For documentation on this error, please visit: https://www.seleniumhq.org/exceptions/no_such_element.html
Build info: version: '3.141.59', revision: 'e82be7d358', time: '2018-11-14T08:17:03'
System info: host: 'SWAPNITAPC', ip: '192.168.19.167', os.name: 'Windows 11', os.arch: 'amd64', os.version: '10.0', java.version: '17.0.5'
Driver info: org.openqa.selenium.chrome.ChromeDriver
Capabilities {acceptInsecureCerts: false, browserName: chrome, browserVersion: 111.0.5563.112, chrome: {chromedriverVersion: 111.0.5563.64 (c710e93d5b63..., userDataDir: C:\Users\admin\AppData\Loca...}, goog:chromeOptions: {debuggerAddress: localhost:50783}, javascriptEnabled: true, networkConnectionEnabled: false, pageLoadStrategy: normal, platform: WINDOWS, platformName: WINDOWS, proxy: Proxy(), setWindowRect: true, strictFileInteractability: false, timeouts: {implicit: 0, pageLoad: 300000, script: 30000}, unhandledPromptBehavior: dismiss and notify, webauthn:extension:credBlob: true, webauthn:extension:largeBlob: true, webauthn:extension:minPinLength: true, webauthn:extension:prf: true, webauthn:virtualAuthenticators: true}
Session ID: 88fc2bc9bf8ab79c876b219c05021273
*** Element info: {Using=xpath, value=(//input[@type='text'])[2]}
at org.openqa.selenium.remote.http.W3CHttpResponseCodec.createException(W3CHttpResponseCodec.java:187)
at org.openqa.selenium.remote.http.W3CHttpResponseCodec.decode(W3CHttpResponseCodec.java:122)
at org.openqa.selenium.remote.http.W3CHttpResponseCodec.decode(W3CHttpResponseCodec.java:49)
at org.openqa.selenium.remote.HttpCommandExecutor.execute(HttpCommandExecutor.java:158)
at org.openqa.selenium.remote.service.DriverCommandExecutor.execute(DriverCommandExecutor.java:83)
at org.openqa.selenium.remote.RemoteWebDriver.execute(RemoteWebDriver.java:552)
at org.openqa.selenium.remote.RemoteWebDriver.findElement(RemoteWebDriver.java:323)
at org.openqa.selenium.remote.RemoteWebDriver.findElementByXPath(RemoteWebDriver.java:428)
at org.openqa.selenium.By$ByXPath.findElement(By.java:353)
at org.openqa.selenium.remote.RemoteWebDriver.findElement(RemoteWebDriver.java:315)
at org.openqa.selenium.support.pagefactory.DefaultElementLocator.findElement(DefaultElementLocator.java:69)
at org.openqa.selenium.support.pagefactory.internal.LocatingElementHandler.invoke(LocatingElementHandler.java:38)
at jdk.proxy2/jdk.proxy2.$Proxy19.sendKeys(Unknown Source)
at Popup.Signuppop.sendfirstname(Signuppop.java:62)
at Testng.Verifysignuppop.test2(Verifysignuppop.java:77)
at java.base/java.util.ArrayList.forEach(ArrayList.java:1511)
... Removed 32 stack frames]]>
    </failure>
  </testcase> <!-- test2 -->
</testsuite> <!-- FirefoxTest -->
